\BOOKMARK [0][-]{section*.1}{\376\377\000A\000c\000k\000n\000o\000w\000l\000e\000d\000g\000e\000m\000e\000n\000t\000s}{}% 1
\BOOKMARK [0][-]{chapter.3}{\376\377\000I\000n\000t\000r\000o\000d\000u\000c\000t\000i\000o\000n}{}% 2
\BOOKMARK [0][-]{chapter.4}{\376\377\000T\000h\000e\000\040\000L\000H\000C\000\040\000a\000n\000d\000\040\000t\000h\000e\000\040\000C\000M\000S\000\040\000D\000e\000t\000e\000c\000t\000o\000r}{}% 3
\BOOKMARK [1][-]{section.5}{\376\377\000T\000h\000e\000\040\000L\000a\000r\000g\000e\000\040\000H\000a\000d\000r\000o\000n\000\040\000C\000o\000l\000l\000i\000d\000e\000r}{chapter.4}% 4
\BOOKMARK [1][-]{section.7}{\376\377\000T\000h\000e\000\040\000C\000M\000S\000\040\000D\000e\000t\000e\000c\000t\000o\000r}{chapter.4}% 5
\BOOKMARK [0][-]{chapter.9}{\376\377\000T\000h\000e\000o\000r\000e\000t\000i\000c\000a\000l\000\040\000B\000a\000c\000k\000g\000r\000o\000u\000n\000d}{}% 6
\BOOKMARK [1][-]{section.10}{\376\377\000H\000i\000g\000g\000s\000\040\000P\000r\000o\000d\000u\000c\000t\000i\000o\000n\000\040\000a\000n\000d\000\040\000D\000e\000c\000a\000y\000s}{chapter.9}% 7
\BOOKMARK [1][-]{section.14}{\376\377\000T\000h\000e\000\040\000C\000P\000-\000M\000i\000x\000i\000n\000g}{chapter.9}% 8
\BOOKMARK [1][-]{section.17}{\376\377\000T\000h\000e\000\040\000I\000P\000\040\000m\000e\000t\000h\000o\000d}{chapter.9}% 9
\BOOKMARK [0][-]{chapter.24}{\376\377\000I\000d\000e\000n\000t\000i\000f\000i\000c\000a\000t\000i\000o\000n\000\040\000o\000f\000\040\000E\000v\000e\000n\000t\000s\000\040\000w\000i\000t\000h\000\040\000W\000e\000l\000l\000-\000R\000e\000c\000o\000n\000s\000t\000r\000u\000c\000t\000e\000d\000\040\000D\000e\000c\000a\000y\000\040\000P\000l\000a\000n\000e\000s}{}% 10
\BOOKMARK [0][-]{chapter.40}{\376\377\000T\000h\000e\000\040\000R\000e\000c\000o\000n\000s\000t\000r\000u\000c\000t\000i\000o\000n\000\040\000o\000f\000\040\000I\000m\000p\000a\000c\000t\000\040\000P\000a\000r\000a\000m\000e\000t\000e\000r\000s\000\040\000f\000r\000o\000m\000\040\000T\000r\000a\000c\000k\000\040\000H\000e\000l\000i\000c\000e\000s}{}% 11
\BOOKMARK [1][-]{section.41}{\376\377\000T\000h\000e\000o\000r\000e\000t\000i\000c\000a\000l\000\040\000b\000a\000c\000k\000g\000r\000o\000u\000n\000d}{chapter.40}% 12
\BOOKMARK [1][-]{section.47}{\376\377\000T\000h\000e\000\040\000t\000a\000n\000g\000e\000n\000t\000i\000a\000l\000\040\000a\000p\000p\000r\000o\000x\000i\000m\000a\000t\000i\000o\000n}{chapter.40}% 13
\BOOKMARK [1][-]{section.56}{\376\377\000T\000h\000e\000\040\000h\000e\000l\000i\000c\000a\000l\000\040\000a\000p\000p\000r\000o\000x\000i\000m\000a\000t\000i\000o\000n}{chapter.40}% 14
\BOOKMARK [2][-]{subsection.58}{\376\377\000I\000m\000p\000l\000e\000m\000e\000n\000t\000a\000t\000i\000o\000n}{section.56}% 15
\BOOKMARK [2][-]{subsection.71}{\376\377\000R\000e\000s\000u\000l\000t\000s}{section.56}% 16
\BOOKMARK [2][-]{subsection.76}{\376\377\000D\000i\000s\000c\000u\000s\000s\000i\000o\000n\000\040\000o\000f\000\040\000V\000a\000l\000i\000d\000i\000t\000y}{section.56}% 17
\BOOKMARK [0][-]{chapter.79}{\376\377\000C\000o\000n\000c\000l\000u\000s\000i\000o\000n\000\040\000a\000n\000d\000\040\000O\000u\000t\000l\000o\000o\000k}{}% 18
\BOOKMARK [0][-]{appendix.80}{\376\377\000T\000h\000e\000\040\000A\000p\000p\000r\000o\000x\000i\000m\000a\000t\000i\000o\000n\000\040\000o\000f\000\040\000t\000h\000e\000\040\000H\000e\000l\000i\000x}{}% 19
\BOOKMARK [0][-]{appendix*.86}{\376\377\000B\000i\000b\000l\000i\000o\000g\000r\000a\000p\000h\000y}{}% 20
